2018-09-14 17:22:18.499  INFO 20092 --- [main] com.lee.test.TestApplication             : Starting TestApplication on Leason-PC with PID 20092 (C:\Users\80883796\IdeaProjects\test\target\classes started by 80883796 in C:\Users\80883796\IdeaProjects\test)
2018-09-14 17:22:18.501  INFO 20092 --- [main] com.lee.test.TestApplication             : The following profiles are active: dev
2018-09-14 17:22:18.560  INFO 20092 --- [main] ConfigServletWebServerApplicationContext : Refreshing org.springframework.boot.web.servlet.context.AnnotationConfigServletWebServerApplicationContext@479d31f3: startup date [Fri Sep 14 17:22:18 CST 2018]; root of context hierarchy
2018-09-14 17:22:19.781  INFO 20092 --- [main] o.s.b.w.embedded.tomcat.TomcatWebServer  : Tomcat initialized with port(s): 80 (http)
2018-09-14 17:22:19.803  INFO 20092 --- [main] o.apache.catalina.core.StandardService   : Starting service [Tomcat]
2018-09-14 17:22:19.803  INFO 20092 --- [main] org.apache.catalina.core.StandardEngine  : Starting Servlet Engine: Apache Tomcat/8.5.34
2018-09-14 17:22:19.807  INFO 20092 --- [localhost-startStop-1] o.a.catalina.core.AprLifecycleListener   : The APR based Apache Tomcat Native library which allows optimal performance in production environments was not found on the java.library.path: [C:\Program Files\Java\jdk1.8.0_25\bin;C:\WINDOWS\Sun\Java\bin;C:\WINDOWS\system32;C:\WINDOWS;C:\Program Files\Docker\Docker\Resources\bin;C:\ProgramData\Oracle\Java\javapath;C:\WINDOWS\system32;C:\WINDOWS;C:\WINDOWS\System32\Wbem;C:\WINDOWS\System32\WindowsPowerShell\v1.0\;D:\Program Files\TortoiseSVN\bin;C:\Program Files\Java\jdk1.7.0_51\bin;C:\Program Files\Java\jdk1.7.0_51\jre\bin;D:\apache-maven-3.3.1\bin;C:\Program Files\MySQL\MySQL Server 5.6\bin;C:\WINDOWS\system32\config\systemprofile\.dnx\bin;C:\Program Files\Microsoft DNX\Dnvm\;C:\Program Files\Microsoft SQL Server\120\Tools\Binn\;C:\Program Files\Microsoft SQL Server\130\Tools\Binn\;D:\Program Files\nodejs\;C:\Program Files\PuTTY\;F:\TDOWN\php-7.0.30-Win32-VC14-x64;C:\ProgramData\ComposerSetup\bin;D:\Program Files\Microsoft VS Code\bin;C:\WINDOWS\System32\OpenSSH\;C:\Program Files\Git\cmd;C:\Users\80883796\AppData\Roaming\npm;D:\Program Files\Microsoft VS Code\bin;C:\Users\80883796\AppData\Local\Microsoft\WindowsApps;C:\Users\80883796\AppData\Roaming\Composer\vendor\bin;;.]
2018-09-14 17:22:19.899  INFO 20092 --- [localhost-startStop-1] o.a.c.c.C.[Tomcat].[localhost].[/dev]    : Initializing Spring embedded WebApplicationContext
2018-09-14 17:22:19.899  INFO 20092 --- [localhost-startStop-1] o.s.web.context.ContextLoader            : Root WebApplicationContext: initialization completed in 1339 ms
2018-09-14 17:22:19.955  INFO 20092 --- [localhost-startStop-1] o.s.b.w.servlet.ServletRegistrationBean  : Servlet dispatcherServlet mapped to [/]
2018-09-14 17:22:19.959  INFO 20092 --- [localhost-startStop-1] o.s.b.w.servlet.FilterRegistrationBean   : Mapping filter: 'characterEncodingFilter' to: [/*]
2018-09-14 17:22:19.960  INFO 20092 --- [localhost-startStop-1] o.s.b.w.servlet.FilterRegistrationBean   : Mapping filter: 'hiddenHttpMethodFilter' to: [/*]
2018-09-14 17:22:19.960  INFO 20092 --- [localhost-startStop-1] o.s.b.w.servlet.FilterRegistrationBean   : Mapping filter: 'httpPutFormContentFilter' to: [/*]
2018-09-14 17:22:19.960  INFO 20092 --- [localhost-startStop-1] o.s.b.w.servlet.FilterRegistrationBean   : Mapping filter: 'requestContextFilter' to: [/*]
2018-09-14 17:22:20.109  INFO 20092 --- [main] o.s.w.s.handler.SimpleUrlHandlerMapping  : Mapped URL path [/**/favicon.ico] onto handler of type [class org.springframework.web.servlet.resource.ResourceHttpRequestHandler]
2018-09-14 17:22:20.275  INFO 20092 --- [main] s.w.s.m.m.a.RequestMappingHandlerAdapter : Looking for @ControllerAdvice: org.springframework.boot.web.servlet.context.AnnotationConfigServletWebServerApplicationContext@479d31f3: startup date [Fri Sep 14 17:22:18 CST 2018]; root of context hierarchy
2018-09-14 17:22:20.351  INFO 20092 --- [main] s.w.s.m.m.a.RequestMappingHandlerMapping : Mapped "{[/demo1],methods=[GET]}" onto public java.lang.String com.lee.test.TestApplication.demo1()
2018-09-14 17:22:20.353  INFO 20092 --- [main] s.w.s.m.m.a.RequestMappingHandlerMapping : Mapped "{[/properties/1],methods=[GET]}" onto public com.lee.test.properties.MyProperties1 com.lee.test.controller.PropertiesController.myProperties1()
2018-09-14 17:22:20.353  INFO 20092 --- [main] s.w.s.m.m.a.RequestMappingHandlerMapping : Mapped "{[/properties/2],methods=[GET]}" onto public com.lee.test.properties.MyProperties2 com.lee.test.controller.PropertiesController.myProperties2()
2018-09-14 17:22:20.358  INFO 20092 --- [main] s.w.s.m.m.a.RequestMappingHandlerMapping : Mapped "{[/error]}" onto public org.springframework.http.ResponseEntity<java.util.Map<java.lang.String, java.lang.Object>> org.springframework.boot.autoconfigure.web.servlet.error.BasicErrorController.error(javax.servlet.http.HttpServletRequest)
2018-09-14 17:22:20.359  INFO 20092 --- [main] s.w.s.m.m.a.RequestMappingHandlerMapping : Mapped "{[/error],produces=[text/html]}" onto public org.springframework.web.servlet.ModelAndView org.springframework.boot.autoconfigure.web.servlet.error.BasicErrorController.errorHtml(javax.servlet.http.HttpServletRequest,javax.servlet.http.HttpServletResponse)
2018-09-14 17:22:20.380  INFO 20092 --- [main] o.s.w.s.handler.SimpleUrlHandlerMapping  : Mapped URL path [/webjars/**] onto handler of type [class org.springframework.web.servlet.resource.ResourceHttpRequestHandler]
2018-09-14 17:22:20.381  INFO 20092 --- [main] o.s.w.s.handler.SimpleUrlHandlerMapping  : Mapped URL path [/**] onto handler of type [class org.springframework.web.servlet.resource.ResourceHttpRequestHandler]
2018-09-14 17:22:20.554  INFO 20092 --- [main] o.s.j.e.a.AnnotationMBeanExporter        : Registering beans for JMX exposure on startup
2018-09-14 17:22:20.606  INFO 20092 --- [main] o.s.b.w.embedded.tomcat.TomcatWebServer  : Tomcat started on port(s): 80 (http) with context path '/dev'
2018-09-14 17:22:20.613  INFO 20092 --- [main] com.lee.test.TestApplication             : Started TestApplication in 2.544 seconds (JVM running for 3.239)
2018-09-14 17:22:25.733  INFO 20092 --- [http-nio-80-exec-2] o.a.c.c.C.[Tomcat].[localhost].[/dev]    : Initializing Spring FrameworkServlet 'dispatcherServlet'
2018-09-14 17:22:25.734  INFO 20092 --- [http-nio-80-exec-2] o.s.web.servlet.DispatcherServlet        : FrameworkServlet 'dispatcherServlet': initialization started
2018-09-14 17:22:25.760  INFO 20092 --- [http-nio-80-exec-2] o.s.web.servlet.DispatcherServlet        : FrameworkServlet 'dispatcherServlet': initialization completed in 26 ms
2018-09-14 17:22:25.780  INFO 20092 --- [http-nio-80-exec-2] c.l.t.controller.PropertiesController    : =================================================================================================
2018-09-14 17:22:25.780  INFO 20092 --- [http-nio-80-exec-2] c.l.t.controller.PropertiesController    : MyProperties2{age=25, name='Luis', email='1085143002@qq.com'}
2018-09-14 17:22:25.780  INFO 20092 --- [http-nio-80-exec-2] c.l.t.controller.PropertiesController    : =================================================================================================
